[2025-09-25 12:31:18] [INFO] Starting ppsplit.sh - Advanced Video Snippet Extractor
[2025-09-25 12:31:18] [INFO] Video file: /Users/brant/projects/people/PeacePi/Test4/Peace Pi Traveling Medicine Show_Debut_ Live Stream_ 2nd Act.mp4
[2025-09-25 12:31:18] [INFO] Debug mode: false
[2025-09-25 12:31:18] [INFO] Cleaning up existing video files in /Users/brant/projects/people/PeacePi/Test4 (keeping Peace Pi Traveling Medicine Show_Debut_ Live Stream_ 2nd Act.mp4)...
[2025-09-25 12:31:18] [INFO] Removed 2 existing video files
[2025-09-25 12:31:18] [INFO] Processing and sorting CSV file...
[2025-09-25 12:31:18] [INFO] CSV processing complete - ignored 1 comment lines
[2025-09-25 12:31:18] [INFO] --- Contents of /Users/brant/projects/people/PeacePi/Test4/temp_snippets_sorted.csv (Start time in seconds, Start time, End time, Title) ---
[2025-09-25 12:31:18] [INFO] CSV LINE: 478,7:58,19:55,Wallace&Ladmo
[2025-09-25 12:31:18] [INFO] CSV LINE: 1620,27:00,29:00,Random1
[2025-09-25 12:31:18] [INFO] ----------------------------------------------------------------------------------
[2025-09-25 12:31:18] [INFO] Checking for overlapping snippets...
[2025-09-25 12:31:18] [INFO] Fixed 0 overlapping snippets
[2025-09-25 12:31:18] [INFO] --- Contents of /Users/brant/projects/people/PeacePi/Test4/temp_snippets_sorted.csv (Start time in seconds, Start time, End time, Title) ---
[2025-09-25 12:31:18] [INFO] CSV LINE: 478,7:58,19:55,Wallace&Ladmo
[2025-09-25 12:31:18] [INFO] CSV LINE: 1620,27:00,29:00,Random1
[2025-09-25 12:31:18] [INFO] ----------------------------------------------------------------------------------
[2025-09-25 12:31:18] [INFO] Starting snippet extraction (Awk-to-Source method)...
[2025-09-25 12:31:18] [INFO] Extracting: Wallace&Ladmo.mp4 (7:58 to 19:55)
[2025-09-25 12:33:37] [INFO] Successfully created: Wallace&Ladmo.mp4
[2025-09-25 12:33:37] [INFO] Extracting: Random1.mp4 (27:00 to 29:00)
[2025-09-25 12:34:01] [INFO] Successfully created: Random1.mp4
[2025-09-25 12:34:01] [INFO] 
[2025-09-25 12:34:01] [INFO] ==================================================
[2025-09-25 12:34:01] [INFO]            EXTRACTION SUMMARY
[2025-09-25 12:34:01] [INFO] ==================================================
[2025-09-25 12:34:01] [INFO] Input video: /Users/brant/projects/people/PeacePi/Test4/Peace Pi Traveling Medicine Show_Debut_ Live Stream_ 2nd Act.mp4
[2025-09-25 12:34:01] [INFO] Video directory: /Users/brant/projects/people/PeacePi/Test4
[2025-09-25 12:34:01] [INFO] CSV file: /Users/brant/projects/people/PeacePi/Test4/snippets.csv.txt
[2025-09-25 12:34:01] [INFO] Debug mode: false
[2025-09-25 12:34:01] [INFO] 
[2025-09-25 12:34:01] [INFO] CREATED SNIPPETS (2):
[2025-09-25 12:34:01] [INFO]   ✓ Wallace&Ladmo.mp4
[2025-09-25 12:34:01] [INFO]   ✓ Random1.mp4
[2025-09-25 12:34:01] [INFO] 
[2025-09-25 12:34:01] [INFO] REMOVED FILES (2):
[2025-09-25 12:34:01] [INFO]   🗑 Random1.mp4
[2025-09-25 12:34:01] [INFO]   🗑 Wallace&Ladmo.mp4
[2025-09-25 12:34:01] [INFO] 
[2025-09-25 12:34:01] [INFO] Log file: /Users/brant/projects/people/PeacePi/Test4/ppsplit_errors.log
[2025-09-25 12:34:01] [INFO] ==================================================
[2025-09-25 12:34:01] [INFO] Extraction process completed
